# JRE version: Java(TM) SE Runtime Environment (21.0.9+7) (build 21.0.9+7-LTS-338)
# Java VM: Java HotSpot(TM) 64-Bit Server VM (21.0.9+7-LTS-338, mixed mode, emulated-client, sharing, tiered, compressed oops, compressed class ptrs, g1 gc, windows-amd64)
GC Precious Log:
 CardTable entry size: 512
 Card Set container configuration: InlinePtr #cards 4 size 8 Array Of Cards #cards 16 size 48 Howl #buckets 8 coarsen threshold 3686 Howl Bitmap #cards 512 size 80 coarsen threshold 460 Card regions per heap region 1 cards per card region 4096
 CPUs: 12 total, 12 available
 Memory: 16024M
 Large Page Support: Disabled
 NUMA Support: Disabled
 Compressed Oops: Enabled (Zero based)
 Heap Region Size: 2M
 Heap Min Capacity: 8M
 Heap Initial Capacity: 252M
 Heap Max Capacity: 4008M
 Pre-touch: Disabled
 Parallel Workers: 10
 Concurrent Workers: 3
 Concurrent Refinement Workers: 10
 Periodic GC: Disabled
Heap:
 garbage-first heap   total 90112K, used 42863K [0x0000000705800000, 0x0000000800000000)
  region size 2048K, 3 young (6144K), 2 survivors (4096K)
 Metaspace       used 87307K, committed 88448K, reserved 1179648K
  class space    used 12478K, committed 12928K, reserved 1048576K
GC Heap History (20 events):
Event: 29.118 GC heap before
{Heap before GC invocations=19 (full 0):
 garbage-first heap   total 83968K, used 72057K [0x0000000705800000, 0x0000000800000000)
  region size 2048K, 18 young (36864K), 2 survivors (4096K)
 Metaspace       used 78499K, committed 79360K, reserved 1179648K
  class space    used 11291K, committed 11648K, reserved 1048576K
}
Event: 29.127 GC heap after
{Heap after GC invocations=20 (full 0):
 garbage-first heap   total 83968K, used 41552K [0x0000000705800000, 0x0000000800000000)
  region size 2048K, 3 young (6144K), 3 survivors (6144K)
 Metaspace       used 78499K, committed 79360K, reserved 1179648K
  class space    used 11291K, committed 11648K, reserved 1048576K
}
Event: 30.224 GC heap before
{Heap before GC invocations=20 (full 0):
 garbage-first heap   total 83968K, used 68176K [0x0000000705800000, 0x0000000800000000)
  region size 2048K, 16 young (32768K), 3 survivors (6144K)
 Metaspace       used 80616K, committed 81536K, reserved 1179648K
  class space    used 11549K, committed 11968K, reserved 1048576K
}
Event: 30.236 GC heap after
{Heap after GC invocations=21 (full 0):
 garbage-first heap   total 83968K, used 43749K [0x0000000705800000, 0x0000000800000000)
  region size 2048K, 2 young (4096K), 2 survivors (4096K)
 Metaspace       used 80616K, committed 81536K, reserved 1179648K
  class space    used 11549K, committed 11968K, reserved 1048576K
}
Event: 53.342 GC heap before
{Heap before GC invocations=21 (full 0):
 garbage-first heap   total 83968K, used 68325K [0x0000000705800000, 0x0000000800000000)
  region size 2048K, 15 young (30720K), 2 survivors (4096K)
 Metaspace       used 82040K, committed 83008K, reserved 1179648K
  class space    used 11782K, committed 12224K, reserved 1048576K
}
Event: 53.352 GC heap after
{Heap after GC invocations=22 (full 0):
 garbage-first heap   total 83968K, used 45746K [0x0000000705800000, 0x0000000800000000)
  region size 2048K, 1 young (2048K), 1 survivors (2048K)
 Metaspace       used 82040K, committed 83008K, reserved 1179648K
  class space    used 11782K, committed 12224K, reserved 1048576K
}
Event: 296.780 GC heap before
{Heap before GC invocations=23 (full 0):
 garbage-first heap   total 83968K, used 72370K [0x0000000705800000, 0x0000000800000000)
  region size 2048K, 15 young (30720K), 1 survivors (2048K)
 Metaspace       used 86425K, committed 87296K, reserved 1179648K
  class space    used 12369K, committed 12800K, reserved 1048576K
}
Event: 296.787 GC heap after
{Heap after GC invocations=24 (full 0):
 garbage-first heap   total 83968K, used 46834K [0x0000000705800000, 0x0000000800000000)
  region size 2048K, 2 young (4096K), 2 survivors (4096K)
 Metaspace       used 86425K, committed 87296K, reserved 1179648K
  class space    used 12369K, committed 12800K, reserved 1048576K
}
Event: 1135.543 GC heap before
{Heap before GC invocations=24 (full 0):
 garbage-first heap   total 83968K, used 71410K [0x0000000705800000, 0x0000000800000000)
  region size 2048K, 14 young (28672K), 2 survivors (4096K)
 Metaspace       used 86735K, committed 87680K, reserved 1179648K
  class space    used 12424K, committed 12864K, reserved 1048576K
}
Event: 1135.554 GC heap after
{Heap after GC invocations=25 (full 0):
 garbage-first heap   total 83968K, used 45737K [0x0000000705800000, 0x0000000800000000)
  region size 2048K, 1 young (2048K), 1 survivors (2048K)
 Metaspace       used 86735K, committed 87680K, reserved 1179648K
  class space    used 12424K, committed 12864K, reserved 1048576K
}
Event: 1213.372 GC heap before
{Heap before GC invocations=25 (full 0):
 garbage-first heap   total 83968K, used 72361K [0x0000000705800000, 0x0000000800000000)
  region size 2048K, 15 young (30720K), 1 survivors (2048K)
 Metaspace       used 87575K, committed 88448K, reserved 1179648K
  class space    used 12543K, committed 12928K, reserved 1048576K
}
Event: 1213.378 GC heap after
{Heap after GC invocations=26 (full 0):
 garbage-first heap   total 83968K, used 46314K [0x0000000705800000, 0x0000000800000000)
  region size 2048K, 2 young (4096K), 2 survivors (4096K)
 Metaspace       used 87575K, committed 88448K, reserved 1179648K
  class space    used 12543K, committed 12928K, reserved 1048576K
}
Event: 1334.185 GC heap before
{Heap before GC invocations=27 (full 0):
 garbage-first heap   total 86016K, used 70890K [0x0000000705800000, 0x0000000800000000)
  region size 2048K, 14 young (28672K), 2 survivors (4096K)
 Metaspace       used 87275K, committed 88448K, reserved 1179648K
  class space    used 12468K, committed 12928K, reserved 1048576K
}
Event: 1334.191 GC heap after
{Heap after GC invocations=28 (full 0):
 garbage-first heap   total 86016K, used 46153K [0x0000000705800000, 0x0000000800000000)
  region size 2048K, 1 young (2048K), 1 survivors (2048K)
 Metaspace       used 87275K, committed 88448K, reserved 1179648K
  class space    used 12468K, committed 12928K, reserved 1048576K
}
Event: 1815.548 GC heap before
{Heap before GC invocations=28 (full 0):
 garbage-first heap   total 86016K, used 74825K [0x0000000705800000, 0x0000000800000000)
  region size 2048K, 16 young (32768K), 1 survivors (2048K)
 Metaspace       used 87305K, committed 88448K, reserved 1179648K
  class space    used 12477K, committed 12928K, reserved 1048576K
}
Event: 1815.562 GC heap after
{Heap after GC invocations=29 (full 0):
 garbage-first heap   total 90112K, used 44107K [0x0000000705800000, 0x0000000800000000)
  region size 2048K, 2 young (4096K), 2 survivors (4096K)
 Metaspace       used 87305K, committed 88448K, reserved 1179648K
  class space    used 12477K, committed 12928K, reserved 1048576K
}
Event: 2933.359 GC heap before
{Heap before GC invocations=29 (full 0):
 garbage-first heap   total 90112K, used 76875K [0x0000000705800000, 0x0000000800000000)
  region size 2048K, 18 young (36864K), 2 survivors (4096K)
 Metaspace       used 87305K, committed 88448K, reserved 1179648K
  class space    used 12477K, committed 12928K, reserved 1048576K
}
Event: 2933.375 GC heap after
{Heap after GC invocations=30 (full 0):
 garbage-first heap   total 90112K, used 42898K [0x0000000705800000, 0x0000000800000000)
  region size 2048K, 2 young (4096K), 2 survivors (4096K)
 Metaspace       used 87305K, committed 88448K, reserved 1179648K
  class space    used 12477K, committed 12928K, reserved 1048576K
}
Event: 4358.794 GC heap before
{Heap before GC invocations=30 (full 0):
 garbage-first heap   total 90112K, used 77714K [0x0000000705800000, 0x0000000800000000)
  region size 2048K, 19 young (38912K), 2 survivors (4096K)
 Metaspace       used 87307K, committed 88448K, reserved 1179648K
  class space    used 12478K, committed 12928K, reserved 1048576K
}
Event: 4358.822 GC heap after
{Heap after GC invocations=31 (full 0):
 garbage-first heap   total 90112K, used 42863K [0x0000000705800000, 0x0000000800000000)
  region size 2048K, 2 young (4096K), 2 survivors (4096K)
 Metaspace       used 87307K, committed 88448K, reserved 1179648K
  class space    used 12478K, committed 12928K, reserved 1048576K
}

